
该局结果
第1步红炮 X:2 Y:3 ―>X:5 Y:3
第2步黑R X:2 Y:10 ―>X:3 Y:8
第3步红炮 X:8 Y:3 ―>X:7 Y:3
第4步黑R X:8 Y:10 ―>X:9 Y:8
第5步红炮 X:7 Y:3 ―>X:7 Y:7
第6步黑h X:8 Y:8 ―>X:8 Y:4
第7步红炮 X:7 Y:7 ―>X:3 Y:7
黑悔棋啦
第7步红炮 X:7 Y:7 ―>X:3 Y:7
第8步黑h X:2 Y:8 ―>X:2 Y:4
第9步红兵 X:5 Y:4 ―>X:5 Y:5
第10步黑h X:2 Y:4 ―>X:7 Y:4
第11步红兵 X:5 Y:5 ―>X:5 Y:6
第12步黑h X:8 Y:4 ―>X:3 Y:4
第13步红兵 X:5 Y:6 ―>X:5 Y:7
第14步黑R X:3 Y:8 ―>X:5 Y:7
帅的人赢啦啦
该局结果
红悔棋啦
该局结果
第1步红炮 X:2 Y:3 ―>X:2 Y:10
第2步黑象 X:3 Y:10 ―>X:5 Y:8
该局结果
第1步红炮 X:2 Y:3 ―>X:5 Y:3
第2步黑象 X:7 Y:10 ―>X:5 Y:8
第3步红马 X:8 Y:1 ―>X:7 Y:3
第4步黑h X:8 Y:8 ―>X:7 Y:8
第5步红炮 X:8 Y:3 ―>X:8 Y:7
黑悔棋啦
红悔棋啦
黑悔棋啦
红悔棋啦
黑悔棋啦
红悔棋啦
第1步红炮 X:2 Y:3 ―>X:5 Y:3
第2步黑R X:8 Y:10 ―>X:7 Y:8
第3步红炮 X:8 Y:3 ―>X:7 Y:3
该局结果
第1步红相 X:3 Y:1 ―>X:5 Y:3
第2步红相 X:5 Y:3 ―>X:3 Y:1
第3步红相 X:3 Y:1 ―>X:5 Y:3
第4步红相 X:5 Y:3 ―>X:3 Y:1
第5步红炮 X:2 Y:3 ―>X:2 Y:10
第6步黑象 X:3 Y:10 ―>X:5 Y:8
第7步红炮 X:2 Y:10 ―>X:3 Y:10
第8步黑仕 X:4 Y:10 ―>X:5 Y:9
第9步红相 X:3 Y:1 ―>X:5 Y:3
该局结果
该局结果
该局结果
第1步红相 X:3 Y:1 ―>X:5 Y:3
第2步红相 X:5 Y:3 ―>X:3 Y:1
第3步红炮 X:2 Y:3 ―>X:2 Y:8
第4步黑象 X:3 Y:10 ―>X:1 Y:8
第5步红炮 X:2 Y:8 ―>X:8 Y:8
第6步黑R X:8 Y:10 ―>X:7 Y:8
第7步红炮 X:8 Y:8 ―>X:4 Y:8
该局结果
红悔棋啦
该局结果
第1步红炮 X:2 Y:3 ―>X:2 Y:10
第2步黑象 X:3 Y:10 ―>X:5 Y:8
帅的人赢啦啦
